# JRE version: OpenJDK Runtime Environment (15.0.2+7) (build 15.0.2+7-27)
# Java VM: OpenJDK 64-Bit Server VM (15.0.2+7-27, mixed mode, sharing, tiered, compressed oops, g1 gc, windows-amd64)
GC Precious Log:
 CPUs: 8 total, 8 available
 Memory: 7555M
 Large Page Support: Disabled
 NUMA Support: Disabled
 Compressed Oops: Enabled (32-bit)
 Heap Region Size: 1M
 Heap Min Capacity: 8M
 Heap Initial Capacity: 120M
 Heap Max Capacity: 1890M
 Pre-touch: Disabled
 Parallel Workers: 8
 Concurrent Workers: 2
 Concurrent Refinement Workers: 8
 Periodic GC: Disabled
Heap:
 garbage-first heap   total 30720K, used 9284K [0x0000000089e00000, 0x0000000100000000)
  region size 1024K, 4 young (4096K), 2 survivors (2048K)
 Metaspace       used 24807K, capacity 25166K, committed 25392K, reserved 1071104K
  class space    used 2721K, capacity 2831K, committed 2944K, reserved 1048576K
GC Heap History (8 events):
Event: 3.813 GC heap before
{Heap before GC invocations=0 (full 0):
 garbage-first heap   total 122880K, used 23552K [0x0000000089e00000, 0x0000000100000000)
  region size 1024K, 23 young (23552K), 0 survivors (0K)
 Metaspace       used 9260K, capacity 9415K, committed 9728K, reserved 1058816K
  class space    used 892K, capacity 957K, committed 1024K, reserved 1048576K
}
Event: 3.840 GC heap after
{Heap after GC invocations=1 (full 0):
 garbage-first heap   total 122880K, used 4634K [0x0000000089e00000, 0x0000000100000000)
  region size 1024K, 3 young (3072K), 3 survivors (3072K)
 Metaspace       used 9260K, capacity 9415K, committed 9728K, reserved 1058816K
  class space    used 892K, capacity 957K, committed 1024K, reserved 1048576K
}
Event: 6.174 GC heap before
{Heap before GC invocations=1 (full 0):
 garbage-first heap   total 122880K, used 33306K [0x0000000089e00000, 0x0000000100000000)
  region size 1024K, 32 young (32768K), 3 survivors (3072K)
 Metaspace       used 18883K, capacity 19118K, committed 19328K, reserved 1067008K
  class space    used 2033K, capacity 2098K, committed 2176K, reserved 1048576K
}
Event: 6.183 GC heap after
{Heap after GC invocations=2 (full 0):
 garbage-first heap   total 122880K, used 6671K [0x0000000089e00000, 0x0000000100000000)
  region size 1024K, 2 young (2048K), 2 survivors (2048K)
 Metaspace       used 18883K, capacity 19118K, committed 19328K, reserved 1067008K
  class space    used 2033K, capacity 2098K, committed 2176K, reserved 1048576K
}
Event: 6.425 GC heap before
{Heap before GC invocations=2 (full 0):
 garbage-first heap   total 122880K, used 13839K [0x0000000089e00000, 0x0000000100000000)
  region size 1024K, 11 young (11264K), 2 survivors (2048K)
 Metaspace       used 20954K, capacity 21112K, committed 21296K, reserved 1069056K
  class space    used 2275K, capacity 2356K, committed 2432K, reserved 1048576K
}
Event: 6.430 GC heap after
{Heap after GC invocations=3 (full 0):
 garbage-first heap   total 122880K, used 7124K [0x0000000089e00000, 0x0000000100000000)
  region size 1024K, 3 young (3072K), 3 survivors (3072K)
 Metaspace       used 20954K, capacity 21112K, committed 21296K, reserved 1069056K
  class space    used 2275K, capacity 2356K, committed 2432K, reserved 1048576K
}
Event: 7.067 GC heap before
{Heap before GC invocations=4 (full 0):
 garbage-first heap   total 30720K, used 21460K [0x0000000089e00000, 0x0000000100000000)
  region size 1024K, 18 young (18432K), 3 survivors (3072K)
 Metaspace       used 24663K, capacity 24974K, committed 25136K, reserved 1071104K
  class space    used 2710K, capacity 2831K, committed 2944K, reserved 1048576K
}
Event: 7.074 GC heap after
{Heap after GC invocations=5 (full 0):
 garbage-first heap   total 30720K, used 8260K [0x0000000089e00000, 0x0000000100000000)
  region size 1024K, 2 young (2048K), 2 survivors (2048K)
 Metaspace       used 24663K, capacity 24974K, committed 25136K, reserved 1071104K
  class space    used 2710K, capacity 2831K, committed 2944K, reserved 1048576K
}

