# JRE version: OpenJDK Runtime Environment (15.0.2+7) (build 15.0.2+7-27)
# Java VM: OpenJDK 64-Bit Server VM (15.0.2+7-27, mixed mode, sharing, tiered, compressed oops, g1 gc, windows-amd64)
GC Precious Log:
 CPUs: 8 total, 8 available
 Memory: 7555M
 Large Page Support: Disabled
 NUMA Support: Disabled
 Compressed Oops: Enabled (32-bit)
 Heap Region Size: 1M
 Heap Min Capacity: 8M
 Heap Initial Capacity: 120M
 Heap Max Capacity: 1890M
 Pre-touch: Disabled
 Parallel Workers: 8
 Concurrent Workers: 2
 Concurrent Refinement Workers: 8
 Periodic GC: Disabled
Heap:
 garbage-first heap   total 30720K, used 10376K [0x0000000089e00000, 0x0000000100000000)
  region size 1024K, 5 young (5120K), 2 survivors (2048K)
 Metaspace       used 24814K, capacity 25166K, committed 25392K, reserved 1071104K
  class space    used 2723K, capacity 2831K, committed 2944K, reserved 1048576K
GC Heap History (8 events):
Event: 1.285 GC heap before
{Heap before GC invocations=0 (full 0):
 garbage-first heap   total 122880K, used 23552K [0x0000000089e00000, 0x0000000100000000)
  region size 1024K, 23 young (23552K), 0 survivors (0K)
 Metaspace       used 9311K, capacity 9479K, committed 9728K, reserved 1058816K
  class space    used 896K, capacity 957K, committed 1024K, reserved 1048576K
}
Event: 1.294 GC heap after
{Heap after GC invocations=1 (full 0):
 garbage-first heap   total 122880K, used 4639K [0x0000000089e00000, 0x0000000100000000)
  region size 1024K, 3 young (3072K), 3 survivors (3072K)
 Metaspace       used 9311K, capacity 9479K, committed 9728K, reserved 1058816K
  class space    used 896K, capacity 957K, committed 1024K, reserved 1048576K
}
Event: 2.776 GC heap before
{Heap before GC invocations=1 (full 0):
 garbage-first heap   total 122880K, used 31263K [0x0000000089e00000, 0x0000000100000000)
  region size 1024K, 30 young (30720K), 3 survivors (3072K)
 Metaspace       used 18625K, capacity 18830K, committed 19072K, reserved 1067008K
  class space    used 2003K, capacity 2066K, committed 2176K, reserved 1048576K
}
Event: 2.790 GC heap after
{Heap after GC invocations=2 (full 0):
 garbage-first heap   total 122880K, used 6765K [0x0000000089e00000, 0x0000000100000000)
  region size 1024K, 2 young (2048K), 2 survivors (2048K)
 Metaspace       used 18625K, capacity 18830K, committed 19072K, reserved 1067008K
  class space    used 2003K, capacity 2066K, committed 2176K, reserved 1048576K
}
Event: 3.162 GC heap before
{Heap before GC invocations=2 (full 0):
 garbage-first heap   total 122880K, used 13933K [0x0000000089e00000, 0x0000000100000000)
  region size 1024K, 11 young (11264K), 2 survivors (2048K)
 Metaspace       used 20927K, capacity 21112K, committed 21296K, reserved 1069056K
  class space    used 2276K, capacity 2356K, committed 2432K, reserved 1048576K
}
Event: 3.168 GC heap after
{Heap after GC invocations=3 (full 0):
 garbage-first heap   total 122880K, used 7433K [0x0000000089e00000, 0x0000000100000000)
  region size 1024K, 3 young (3072K), 3 survivors (3072K)
 Metaspace       used 20927K, capacity 21112K, committed 21296K, reserved 1069056K
  class space    used 2276K, capacity 2356K, committed 2432K, reserved 1048576K
}
Event: 3.962 GC heap before
{Heap before GC invocations=4 (full 0):
 garbage-first heap   total 30720K, used 22793K [0x0000000089e00000, 0x0000000100000000)
  region size 1024K, 18 young (18432K), 3 survivors (3072K)
 Metaspace       used 24366K, capacity 24670K, committed 24752K, reserved 1071104K
  class space    used 2676K, capacity 2775K, committed 2816K, reserved 1048576K
}
Event: 3.969 GC heap after
{Heap after GC invocations=5 (full 0):
 garbage-first heap   total 30720K, used 8328K [0x0000000089e00000, 0x0000000100000000)
  region size 1024K, 2 young (2048K), 2 survivors (2048K)
 Metaspace       used 24366K, capacity 24670K, committed 24752K, reserved 1071104K
  class space    used 2676K, capacity 2775K, committed 2816K, reserved 1048576K
}

